{"C:\\Users\\alvar\\OneDrive\\Área de Trabalho\\Curso DNC\\Type + React Project\\ProjectTR\\dnc-sales-dashboard-algs\\src\\components\\AvatarList.tsx": {"path":"C:\\Users\\alvar\\OneDrive\\Área de Trabalho\\Curso DNC\\Type + React Project\\ProjectTR\\dnc-sales-dashboard-algs\\src\\components\\AvatarList.tsx","statementMap":{"0":{"start":{"line":1,"column":0},"end":{"line":1,"column":51}},"1":{"start":{"line":2,"column":0},"end":{"line":2,"column":43}},"2":{"start":{"line":3,"column":0},"end":{"line":3,"column":33}},"3":{"start":{"line":7,"column":2},"end":{"line":36,"column":null}},"4":{"start":{"line":10,"column":8},"end":{"line":32,"column":null}},"5":{"start":{"line":39,"column":0},"end":{"line":39,"column":null}}},"fnMap":{"0":{"name":"AvatarList","decl":{"start":{"line":6,"column":9},"end":{"line":6,"column":19}},"loc":{"start":{"line":6,"column":43},"end":{"line":37,"column":1}}},"1":{"name":"(anonymous_1)","decl":{"start":{"line":9,"column":26},"end":{"line":9,"column":27}},"loc":{"start":{"line":10,"column":8},"end":{"line":32,"column":null}}}},"branchMap":{},"s":{"0":4,"1":4,"2":4,"3":0,"4":0,"5":4},"f":{"0":0,"1":0},"b":{}}
,"C:\\Users\\alvar\\OneDrive\\Área de Trabalho\\Curso DNC\\Type + React Project\\ProjectTR\\dnc-sales-dashboard-algs\\src\\components\\BannerImage.tsx": {"path":"C:\\Users\\alvar\\OneDrive\\Área de Trabalho\\Curso DNC\\Type + React Project\\ProjectTR\\dnc-sales-dashboard-algs\\src\\components\\BannerImage.tsx","statementMap":{"0":{"start":{"line":1,"column":0},"end":{"line":1,"column":38}},"1":{"start":{"line":3,"column":13},"end":{"line":8,"column":null}}},"fnMap":{},"branchMap":{},"s":{"0":4,"1":4},"f":{},"b":{}}
,"C:\\Users\\alvar\\OneDrive\\Área de Trabalho\\Curso DNC\\Type + React Project\\ProjectTR\\dnc-sales-dashboard-algs\\src\\components\\CardComponent.tsx": {"path":"C:\\Users\\alvar\\OneDrive\\Área de Trabalho\\Curso DNC\\Type + React Project\\ProjectTR\\dnc-sales-dashboard-algs\\src\\components\\CardComponent.tsx","statementMap":{"0":{"start":{"line":1,"column":0},"end":{"line":1,"column":38}},"1":{"start":{"line":2,"column":0},"end":{"line":2,"column":33}},"2":{"start":{"line":4,"column":13},"end":{"line":29,"column":null}},"3":{"start":{"line":5,"column":33},"end":{"line":5,"column":60}},"4":{"start":{"line":6,"column":43},"end":{"line":6,"column":66}},"5":{"start":{"line":13,"column":35},"end":{"line":13,"column":57}},"6":{"start":{"line":14,"column":31},"end":{"line":14,"column":53}},"7":{"start":{"line":17,"column":35},"end":{"line":17,"column":59}},"8":{"start":{"line":18,"column":31},"end":{"line":18,"column":55}},"9":{"start":{"line":21,"column":35},"end":{"line":21,"column":59}},"10":{"start":{"line":22,"column":31},"end":{"line":22,"column":55}}},"fnMap":{"0":{"name":"(anonymous_1)","decl":{"start":{"line":5,"column":22},"end":{"line":5,"column":23}},"loc":{"start":{"line":5,"column":33},"end":{"line":5,"column":60}}},"1":{"name":"(anonymous_2)","decl":{"start":{"line":6,"column":32},"end":{"line":6,"column":33}},"loc":{"start":{"line":6,"column":43},"end":{"line":6,"column":66}}},"2":{"name":"(anonymous_3)","decl":{"start":{"line":13,"column":24},"end":{"line":13,"column":25}},"loc":{"start":{"line":13,"column":35},"end":{"line":13,"column":57}}},"3":{"name":"(anonymous_4)","decl":{"start":{"line":14,"column":20},"end":{"line":14,"column":21}},"loc":{"start":{"line":14,"column":31},"end":{"line":14,"column":53}}},"4":{"name":"(anonymous_5)","decl":{"start":{"line":17,"column":24},"end":{"line":17,"column":25}},"loc":{"start":{"line":17,"column":35},"end":{"line":17,"column":59}}},"5":{"name":"(anonymous_6)","decl":{"start":{"line":18,"column":20},"end":{"line":18,"column":21}},"loc":{"start":{"line":18,"column":31},"end":{"line":18,"column":55}}},"6":{"name":"(anonymous_7)","decl":{"start":{"line":21,"column":24},"end":{"line":21,"column":25}},"loc":{"start":{"line":21,"column":35},"end":{"line":21,"column":59}}},"7":{"name":"(anonymous_8)","decl":{"start":{"line":22,"column":20},"end":{"line":22,"column":21}},"loc":{"start":{"line":22,"column":31},"end":{"line":22,"column":55}}}},"branchMap":{},"s":{"0":4,"1":4,"2":4,"3":8,"4":8,"5":8,"6":8,"7":8,"8":8,"9":8,"10":8},"f":{"0":8,"1":8,"2":8,"3":8,"4":8,"5":8,"6":8,"7":8},"b":{}}
,"C:\\Users\\alvar\\OneDrive\\Área de Trabalho\\Curso DNC\\Type + React Project\\ProjectTR\\dnc-sales-dashboard-algs\\src\\components\\CustomChart.tsx": {"path":"C:\\Users\\alvar\\OneDrive\\Área de Trabalho\\Curso DNC\\Type + React Project\\ProjectTR\\dnc-sales-dashboard-algs\\src\\components\\CustomChart.tsx","statementMap":{"0":{"start":{"line":1,"column":0},"end":{"line":1,"column":44}},"1":{"start":{"line":2,"column":0},"end":{"line":2,"column":null}},"2":{"start":{"line":13,"column":0},"end":{"line":13,"column":38}},"3":{"start":{"line":14,"column":0},"end":{"line":14,"column":37}},"4":{"start":{"line":17,"column":0},"end":{"line":26,"column":null}},"5":{"start":{"line":29,"column":33},"end":{"line":29,"column":38}},"6":{"start":{"line":30,"column":16},"end":{"line":30,"column":26}},"7":{"start":{"line":31,"column":18},"end":{"line":63,"column":null}},"8":{"start":{"line":65,"column":20},"end":{"line":74,"column":null}},"9":{"start":{"line":76,"column":2},"end":{"line":80,"column":null}},"10":{"start":{"line":83,"column":0},"end":{"line":83,"column":null}}},"fnMap":{"0":{"name":"CustomChart","decl":{"start":{"line":28,"column":9},"end":{"line":28,"column":20}},"loc":{"start":{"line":28,"column":44},"end":{"line":81,"column":1}}}},"branchMap":{"0":{"loc":{"start":{"line":76,"column":9},"end":{"line":79,"column":null}},"type":"cond-expr","locations":[{"start":{"line":77,"column":4},"end":{"line":77,"column":46}},{"start":{"line":79,"column":4},"end":{"line":79,"column":47}}]}},"s":{"0":4,"1":4,"2":4,"3":4,"4":4,"5":0,"6":0,"7":0,"8":0,"9":0,"10":4},"f":{"0":0},"b":{"0":[0,0]}}
,"C:\\Users\\alvar\\OneDrive\\Área de Trabalho\\Curso DNC\\Type + React Project\\ProjectTR\\dnc-sales-dashboard-algs\\src\\components\\CustomTable.tsx": {"path":"C:\\Users\\alvar\\OneDrive\\Área de Trabalho\\Curso DNC\\Type + React Project\\ProjectTR\\dnc-sales-dashboard-algs\\src\\components\\CustomTable.tsx","statementMap":{"0":{"start":{"line":1,"column":0},"end":{"line":1,"column":38}},"1":{"start":{"line":3,"column":0},"end":{"line":3,"column":33}},"2":{"start":{"line":5,"column":21},"end":{"line":50,"column":null}},"3":{"start":{"line":39,"column":28},"end":{"line":39,"column":61}},"4":{"start":{"line":44,"column":56},"end":{"line":44,"column":84}},"5":{"start":{"line":53,"column":28},"end":{"line":53,"column":33}},"6":{"start":{"line":55,"column":2},"end":{"line":76,"column":null}},"7":{"start":{"line":61,"column":14},"end":{"line":61,"column":31}},"8":{"start":{"line":67,"column":12},"end":{"line":67,"column":null}},"9":{"start":{"line":69,"column":16},"end":{"line":69,"column":37}},"10":{"start":{"line":79,"column":0},"end":{"line":79,"column":null}}},"fnMap":{"0":{"name":"(anonymous_1)","decl":{"start":{"line":39,"column":17},"end":{"line":39,"column":18}},"loc":{"start":{"line":39,"column":28},"end":{"line":39,"column":61}}},"1":{"name":"(anonymous_2)","decl":{"start":{"line":44,"column":45},"end":{"line":44,"column":46}},"loc":{"start":{"line":44,"column":56},"end":{"line":44,"column":84}}},"2":{"name":"CustomTable","decl":{"start":{"line":52,"column":9},"end":{"line":52,"column":20}},"loc":{"start":{"line":52,"column":44},"end":{"line":77,"column":1}}},"3":{"name":"(anonymous_4)","decl":{"start":{"line":60,"column":25},"end":{"line":60,"column":26}},"loc":{"start":{"line":61,"column":14},"end":{"line":61,"column":31}}},"4":{"name":"(anonymous_5)","decl":{"start":{"line":66,"column":20},"end":{"line":66,"column":21}},"loc":{"start":{"line":67,"column":12},"end":{"line":67,"column":null}}},"5":{"name":"(anonymous_6)","decl":{"start":{"line":68,"column":23},"end":{"line":68,"column":24}},"loc":{"start":{"line":69,"column":16},"end":{"line":69,"column":37}}}},"branchMap":{},"s":{"0":4,"1":4,"2":4,"3":0,"4":0,"5":0,"6":0,"7":0,"8":0,"9":0,"10":4},"f":{"0":0,"1":0,"2":0,"3":0,"4":0,"5":0},"b":{}}
,"C:\\Users\\alvar\\OneDrive\\Área de Trabalho\\Curso DNC\\Type + React Project\\ProjectTR\\dnc-sales-dashboard-algs\\src\\components\\FormComponent.tsx": {"path":"C:\\Users\\alvar\\OneDrive\\Área de Trabalho\\Curso DNC\\Type + React Project\\ProjectTR\\dnc-sales-dashboard-algs\\src\\components\\FormComponent.tsx","statementMap":{"0":{"start":{"line":1,"column":0},"end":{"line":1,"column":38}},"1":{"start":{"line":2,"column":0},"end":{"line":2,"column":56}},"2":{"start":{"line":4,"column":0},"end":{"line":4,"column":33}},"3":{"start":{"line":6,"column":13},"end":{"line":10,"column":null}},"4":{"start":{"line":13,"column":39},"end":{"line":13,"column":44}},"5":{"start":{"line":15,"column":2},"end":{"line":29,"column":null}},"6":{"start":{"line":18,"column":8},"end":{"line":18,"column":37}},"7":{"start":{"line":21,"column":8},"end":{"line":21,"column":38}},"8":{"start":{"line":32,"column":0},"end":{"line":32,"column":null}}},"fnMap":{"0":{"name":"FormComponent","decl":{"start":{"line":12,"column":9},"end":{"line":12,"column":22}},"loc":{"start":{"line":12,"column":48},"end":{"line":30,"column":1}}},"1":{"name":"(anonymous_2)","decl":{"start":{"line":17,"column":18},"end":{"line":17,"column":19}},"loc":{"start":{"line":18,"column":8},"end":{"line":18,"column":37}}},"2":{"name":"(anonymous_3)","decl":{"start":{"line":20,"column":19},"end":{"line":20,"column":20}},"loc":{"start":{"line":21,"column":8},"end":{"line":21,"column":38}}}},"branchMap":{"0":{"loc":{"start":{"line":23,"column":7},"end":{"line":26,"column":null}},"type":"binary-expr","locations":[{"start":{"line":23,"column":7},"end":{"line":23,"column":14}},{"start":{"line":24,"column":8},"end":{"line":25,"column":null}}]},"1":{"loc":{"start":{"line":24,"column":29},"end":{"line":24,"column":71}},"type":"cond-expr","locations":[{"start":{"line":24,"column":56},"end":{"line":24,"column":61}},{"start":{"line":24,"column":64},"end":{"line":24,"column":71}}]}},"s":{"0":4,"1":4,"2":4,"3":4,"4":0,"5":0,"6":0,"7":0,"8":4},"f":{"0":0,"1":0,"2":0},"b":{"0":[0,0],"1":[0,0]}}
,"C:\\Users\\alvar\\OneDrive\\Área de Trabalho\\Curso DNC\\Type + React Project\\ProjectTR\\dnc-sales-dashboard-algs\\src\\components\\Header.tsx": {"path":"C:\\Users\\alvar\\OneDrive\\Área de Trabalho\\Curso DNC\\Type + React Project\\ProjectTR\\dnc-sales-dashboard-algs\\src\\components\\Header.tsx","statementMap":{"0":{"start":{"line":1,"column":0},"end":{"line":1,"column":38}},"1":{"start":{"line":2,"column":0},"end":{"line":2,"column":39}},"2":{"start":{"line":3,"column":0},"end":{"line":3,"column":35}},"3":{"start":{"line":4,"column":0},"end":{"line":4,"column":54}},"4":{"start":{"line":5,"column":0},"end":{"line":5,"column":33}},"5":{"start":{"line":7,"column":21},"end":{"line":12,"column":null}},"6":{"start":{"line":8,"column":33},"end":{"line":8,"column":58}},"7":{"start":{"line":9,"column":50},"end":{"line":9,"column":78}},"8":{"start":{"line":15,"column":2},"end":{"line":39,"column":null}},"9":{"start":{"line":42,"column":0},"end":{"line":42,"column":null}}},"fnMap":{"0":{"name":"(anonymous_1)","decl":{"start":{"line":8,"column":22},"end":{"line":8,"column":23}},"loc":{"start":{"line":8,"column":33},"end":{"line":8,"column":58}}},"1":{"name":"(anonymous_2)","decl":{"start":{"line":9,"column":39},"end":{"line":9,"column":40}},"loc":{"start":{"line":9,"column":50},"end":{"line":9,"column":78}}},"2":{"name":"Header","decl":{"start":{"line":14,"column":9},"end":{"line":14,"column":15}},"loc":{"start":{"line":14,"column":15},"end":{"line":40,"column":1}}}},"branchMap":{},"s":{"0":4,"1":4,"2":4,"3":4,"4":4,"5":4,"6":0,"7":0,"8":0,"9":4},"f":{"0":0,"1":0,"2":0},"b":{}}
,"C:\\Users\\alvar\\OneDrive\\Área de Trabalho\\Curso DNC\\Type + React Project\\ProjectTR\\dnc-sales-dashboard-algs\\src\\components\\Logo.tsx": {"path":"C:\\Users\\alvar\\OneDrive\\Área de Trabalho\\Curso DNC\\Type + React Project\\ProjectTR\\dnc-sales-dashboard-algs\\src\\components\\Logo.tsx","statementMap":{"0":{"start":{"line":1,"column":0},"end":{"line":1,"column":38}},"1":{"start":{"line":2,"column":0},"end":{"line":2,"column":33}},"2":{"start":{"line":4,"column":13},"end":{"line":9,"column":null}},"3":{"start":{"line":5,"column":38},"end":{"line":5,"column":57}},"4":{"start":{"line":7,"column":23},"end":{"line":7,"column":44}},"5":{"start":{"line":8,"column":22},"end":{"line":8,"column":42}}},"fnMap":{"0":{"name":"(anonymous_1)","decl":{"start":{"line":5,"column":27},"end":{"line":5,"column":28}},"loc":{"start":{"line":5,"column":38},"end":{"line":5,"column":57}}},"1":{"name":"(anonymous_2)","decl":{"start":{"line":7,"column":12},"end":{"line":7,"column":13}},"loc":{"start":{"line":7,"column":23},"end":{"line":7,"column":44}}},"2":{"name":"(anonymous_3)","decl":{"start":{"line":8,"column":11},"end":{"line":8,"column":12}},"loc":{"start":{"line":8,"column":22},"end":{"line":8,"column":42}}}},"branchMap":{},"s":{"0":4,"1":4,"2":4,"3":4,"4":4,"5":4},"f":{"0":4,"1":4,"2":4},"b":{}}
,"C:\\Users\\alvar\\OneDrive\\Área de Trabalho\\Curso DNC\\Type + React Project\\ProjectTR\\dnc-sales-dashboard-algs\\src\\components\\StyledButton.tsx": {"path":"C:\\Users\\alvar\\OneDrive\\Área de Trabalho\\Curso DNC\\Type + React Project\\ProjectTR\\dnc-sales-dashboard-algs\\src\\components\\StyledButton.tsx","statementMap":{"0":{"start":{"line":1,"column":0},"end":{"line":1,"column":38}},"1":{"start":{"line":3,"column":0},"end":{"line":3,"column":33}},"2":{"start":{"line":5,"column":13},"end":{"line":52,"column":null}},"3":{"start":{"line":18,"column":35},"end":{"line":18,"column":62}},"4":{"start":{"line":19,"column":24},"end":{"line":19,"column":56}},"5":{"start":{"line":21,"column":37},"end":{"line":21,"column":69}},"6":{"start":{"line":26,"column":35},"end":{"line":26,"column":60}},"7":{"start":{"line":27,"column":24},"end":{"line":27,"column":54}},"8":{"start":{"line":29,"column":37},"end":{"line":29,"column":67}},"9":{"start":{"line":35,"column":24},"end":{"line":35,"column":49}},"10":{"start":{"line":39,"column":26},"end":{"line":39,"column":56}},"11":{"start":{"line":44,"column":35},"end":{"line":44,"column":63}},"12":{"start":{"line":45,"column":24},"end":{"line":45,"column":57}},"13":{"start":{"line":48,"column":37},"end":{"line":48,"column":65}},"14":{"start":{"line":49,"column":26},"end":{"line":49,"column":59}}},"fnMap":{"0":{"name":"(anonymous_1)","decl":{"start":{"line":18,"column":24},"end":{"line":18,"column":25}},"loc":{"start":{"line":18,"column":35},"end":{"line":18,"column":62}}},"1":{"name":"(anonymous_2)","decl":{"start":{"line":19,"column":13},"end":{"line":19,"column":14}},"loc":{"start":{"line":19,"column":24},"end":{"line":19,"column":56}}},"2":{"name":"(anonymous_3)","decl":{"start":{"line":21,"column":26},"end":{"line":21,"column":27}},"loc":{"start":{"line":21,"column":37},"end":{"line":21,"column":69}}},"3":{"name":"(anonymous_4)","decl":{"start":{"line":26,"column":24},"end":{"line":26,"column":25}},"loc":{"start":{"line":26,"column":35},"end":{"line":26,"column":60}}},"4":{"name":"(anonymous_5)","decl":{"start":{"line":27,"column":13},"end":{"line":27,"column":14}},"loc":{"start":{"line":27,"column":24},"end":{"line":27,"column":54}}},"5":{"name":"(anonymous_6)","decl":{"start":{"line":29,"column":26},"end":{"line":29,"column":27}},"loc":{"start":{"line":29,"column":37},"end":{"line":29,"column":67}}},"6":{"name":"(anonymous_7)","decl":{"start":{"line":35,"column":13},"end":{"line":35,"column":14}},"loc":{"start":{"line":35,"column":24},"end":{"line":35,"column":49}}},"7":{"name":"(anonymous_8)","decl":{"start":{"line":39,"column":15},"end":{"line":39,"column":16}},"loc":{"start":{"line":39,"column":26},"end":{"line":39,"column":56}}},"8":{"name":"(anonymous_9)","decl":{"start":{"line":44,"column":24},"end":{"line":44,"column":25}},"loc":{"start":{"line":44,"column":35},"end":{"line":44,"column":63}}},"9":{"name":"(anonymous_10)","decl":{"start":{"line":45,"column":13},"end":{"line":45,"column":14}},"loc":{"start":{"line":45,"column":24},"end":{"line":45,"column":57}}},"10":{"name":"(anonymous_11)","decl":{"start":{"line":48,"column":26},"end":{"line":48,"column":27}},"loc":{"start":{"line":48,"column":37},"end":{"line":48,"column":65}}},"11":{"name":"(anonymous_12)","decl":{"start":{"line":49,"column":15},"end":{"line":49,"column":16}},"loc":{"start":{"line":49,"column":26},"end":{"line":49,"column":59}}}},"branchMap":{},"s":{"0":4,"1":4,"2":4,"3":8,"4":8,"5":8,"6":8,"7":8,"8":8,"9":8,"10":8,"11":8,"12":8,"13":8,"14":8},"f":{"0":8,"1":8,"2":8,"3":8,"4":8,"5":8,"6":8,"7":8,"8":8,"9":8,"10":8,"11":8},"b":{}}
,"C:\\Users\\alvar\\OneDrive\\Área de Trabalho\\Curso DNC\\Type + React Project\\ProjectTR\\dnc-sales-dashboard-algs\\src\\components\\StyledInput.tsx": {"path":"C:\\Users\\alvar\\OneDrive\\Área de Trabalho\\Curso DNC\\Type + React Project\\ProjectTR\\dnc-sales-dashboard-algs\\src\\components\\StyledInput.tsx","statementMap":{"0":{"start":{"line":1,"column":0},"end":{"line":1,"column":38}},"1":{"start":{"line":3,"column":0},"end":{"line":3,"column":33}},"2":{"start":{"line":5,"column":13},"end":{"line":30,"column":null}},"3":{"start":{"line":6,"column":33},"end":{"line":6,"column":61}},"4":{"start":{"line":7,"column":22},"end":{"line":7,"column":55}},"5":{"start":{"line":9,"column":43},"end":{"line":9,"column":76}},"6":{"start":{"line":20,"column":35},"end":{"line":20,"column":65}},"7":{"start":{"line":22,"column":19},"end":{"line":22,"column":60}},"8":{"start":{"line":23,"column":24},"end":{"line":23,"column":59}},"9":{"start":{"line":28,"column":24},"end":{"line":28,"column":62}}},"fnMap":{"0":{"name":"(anonymous_1)","decl":{"start":{"line":6,"column":22},"end":{"line":6,"column":23}},"loc":{"start":{"line":6,"column":33},"end":{"line":6,"column":61}}},"1":{"name":"(anonymous_2)","decl":{"start":{"line":7,"column":11},"end":{"line":7,"column":12}},"loc":{"start":{"line":7,"column":22},"end":{"line":7,"column":55}}},"2":{"name":"(anonymous_3)","decl":{"start":{"line":9,"column":32},"end":{"line":9,"column":33}},"loc":{"start":{"line":9,"column":43},"end":{"line":9,"column":76}}},"3":{"name":"(anonymous_4)","decl":{"start":{"line":20,"column":24},"end":{"line":20,"column":25}},"loc":{"start":{"line":20,"column":35},"end":{"line":20,"column":65}}},"4":{"name":"(anonymous_5)","decl":{"start":{"line":22,"column":8},"end":{"line":22,"column":9}},"loc":{"start":{"line":22,"column":19},"end":{"line":22,"column":60}}},"5":{"name":"(anonymous_6)","decl":{"start":{"line":23,"column":13},"end":{"line":23,"column":14}},"loc":{"start":{"line":23,"column":24},"end":{"line":23,"column":59}}},"6":{"name":"(anonymous_7)","decl":{"start":{"line":28,"column":13},"end":{"line":28,"column":14}},"loc":{"start":{"line":28,"column":24},"end":{"line":28,"column":62}}}},"branchMap":{},"s":{"0":4,"1":4,"2":4,"3":0,"4":0,"5":0,"6":0,"7":0,"8":0,"9":0},"f":{"0":0,"1":0,"2":0,"3":0,"4":0,"5":0,"6":0},"b":{}}
,"C:\\Users\\alvar\\OneDrive\\Área de Trabalho\\Curso DNC\\Type + React Project\\ProjectTR\\dnc-sales-dashboard-algs\\src\\components\\Typographies.tsx": {"path":"C:\\Users\\alvar\\OneDrive\\Área de Trabalho\\Curso DNC\\Type + React Project\\ProjectTR\\dnc-sales-dashboard-algs\\src\\components\\Typographies.tsx","statementMap":{"0":{"start":{"line":1,"column":0},"end":{"line":1,"column":38}},"1":{"start":{"line":3,"column":0},"end":{"line":3,"column":33}},"2":{"start":{"line":5,"column":13},"end":{"line":11,"column":null}},"3":{"start":{"line":6,"column":22},"end":{"line":6,"column":46}},"4":{"start":{"line":7,"column":26},"end":{"line":7,"column":51}},"5":{"start":{"line":8,"column":28},"end":{"line":8,"column":47}},"6":{"start":{"line":10,"column":28},"end":{"line":10,"column":59}},"7":{"start":{"line":13,"column":13},"end":{"line":19,"column":null}},"8":{"start":{"line":14,"column":22},"end":{"line":14,"column":46}},"9":{"start":{"line":15,"column":26},"end":{"line":15,"column":51}},"10":{"start":{"line":16,"column":28},"end":{"line":16,"column":47}},"11":{"start":{"line":18,"column":28},"end":{"line":18,"column":59}},"12":{"start":{"line":21,"column":13},"end":{"line":27,"column":null}},"13":{"start":{"line":22,"column":22},"end":{"line":22,"column":46}},"14":{"start":{"line":23,"column":26},"end":{"line":23,"column":51}},"15":{"start":{"line":24,"column":28},"end":{"line":24,"column":47}},"16":{"start":{"line":26,"column":28},"end":{"line":26,"column":59}},"17":{"start":{"line":29,"column":13},"end":{"line":34,"column":null}},"18":{"start":{"line":30,"column":22},"end":{"line":30,"column":46}},"19":{"start":{"line":31,"column":26},"end":{"line":31,"column":51}},"20":{"start":{"line":32,"column":28},"end":{"line":32,"column":47}},"21":{"start":{"line":33,"column":28},"end":{"line":33,"column":59}},"22":{"start":{"line":36,"column":13},"end":{"line":41,"column":null}},"23":{"start":{"line":37,"column":22},"end":{"line":37,"column":46}},"24":{"start":{"line":38,"column":26},"end":{"line":38,"column":51}},"25":{"start":{"line":39,"column":28},"end":{"line":39,"column":47}},"26":{"start":{"line":40,"column":28},"end":{"line":40,"column":59}},"27":{"start":{"line":43,"column":13},"end":{"line":53,"column":null}},"28":{"start":{"line":44,"column":22},"end":{"line":44,"column":46}},"29":{"start":{"line":45,"column":26},"end":{"line":45,"column":51}},"30":{"start":{"line":46,"column":28},"end":{"line":46,"column":47}},"31":{"start":{"line":47,"column":28},"end":{"line":47,"column":59}}},"fnMap":{"0":{"name":"(anonymous_1)","decl":{"start":{"line":6,"column":11},"end":{"line":6,"column":12}},"loc":{"start":{"line":6,"column":22},"end":{"line":6,"column":46}}},"1":{"name":"(anonymous_2)","decl":{"start":{"line":7,"column":15},"end":{"line":7,"column":16}},"loc":{"start":{"line":7,"column":26},"end":{"line":7,"column":51}}},"2":{"name":"(anonymous_3)","decl":{"start":{"line":8,"column":17},"end":{"line":8,"column":18}},"loc":{"start":{"line":8,"column":28},"end":{"line":8,"column":47}}},"3":{"name":"(anonymous_4)","decl":{"start":{"line":10,"column":17},"end":{"line":10,"column":18}},"loc":{"start":{"line":10,"column":28},"end":{"line":10,"column":59}}},"4":{"name":"(anonymous_5)","decl":{"start":{"line":14,"column":11},"end":{"line":14,"column":12}},"loc":{"start":{"line":14,"column":22},"end":{"line":14,"column":46}}},"5":{"name":"(anonymous_6)","decl":{"start":{"line":15,"column":15},"end":{"line":15,"column":16}},"loc":{"start":{"line":15,"column":26},"end":{"line":15,"column":51}}},"6":{"name":"(anonymous_7)","decl":{"start":{"line":16,"column":17},"end":{"line":16,"column":18}},"loc":{"start":{"line":16,"column":28},"end":{"line":16,"column":47}}},"7":{"name":"(anonymous_8)","decl":{"start":{"line":18,"column":17},"end":{"line":18,"column":18}},"loc":{"start":{"line":18,"column":28},"end":{"line":18,"column":59}}},"8":{"name":"(anonymous_9)","decl":{"start":{"line":22,"column":11},"end":{"line":22,"column":12}},"loc":{"start":{"line":22,"column":22},"end":{"line":22,"column":46}}},"9":{"name":"(anonymous_10)","decl":{"start":{"line":23,"column":15},"end":{"line":23,"column":16}},"loc":{"start":{"line":23,"column":26},"end":{"line":23,"column":51}}},"10":{"name":"(anonymous_11)","decl":{"start":{"line":24,"column":17},"end":{"line":24,"column":18}},"loc":{"start":{"line":24,"column":28},"end":{"line":24,"column":47}}},"11":{"name":"(anonymous_12)","decl":{"start":{"line":26,"column":17},"end":{"line":26,"column":18}},"loc":{"start":{"line":26,"column":28},"end":{"line":26,"column":59}}},"12":{"name":"(anonymous_13)","decl":{"start":{"line":30,"column":11},"end":{"line":30,"column":12}},"loc":{"start":{"line":30,"column":22},"end":{"line":30,"column":46}}},"13":{"name":"(anonymous_14)","decl":{"start":{"line":31,"column":15},"end":{"line":31,"column":16}},"loc":{"start":{"line":31,"column":26},"end":{"line":31,"column":51}}},"14":{"name":"(anonymous_15)","decl":{"start":{"line":32,"column":17},"end":{"line":32,"column":18}},"loc":{"start":{"line":32,"column":28},"end":{"line":32,"column":47}}},"15":{"name":"(anonymous_16)","decl":{"start":{"line":33,"column":17},"end":{"line":33,"column":18}},"loc":{"start":{"line":33,"column":28},"end":{"line":33,"column":59}}},"16":{"name":"(anonymous_17)","decl":{"start":{"line":37,"column":11},"end":{"line":37,"column":12}},"loc":{"start":{"line":37,"column":22},"end":{"line":37,"column":46}}},"17":{"name":"(anonymous_18)","decl":{"start":{"line":38,"column":15},"end":{"line":38,"column":16}},"loc":{"start":{"line":38,"column":26},"end":{"line":38,"column":51}}},"18":{"name":"(anonymous_19)","decl":{"start":{"line":39,"column":17},"end":{"line":39,"column":18}},"loc":{"start":{"line":39,"column":28},"end":{"line":39,"column":47}}},"19":{"name":"(anonymous_20)","decl":{"start":{"line":40,"column":17},"end":{"line":40,"column":18}},"loc":{"start":{"line":40,"column":28},"end":{"line":40,"column":59}}},"20":{"name":"(anonymous_21)","decl":{"start":{"line":44,"column":11},"end":{"line":44,"column":12}},"loc":{"start":{"line":44,"column":22},"end":{"line":44,"column":46}}},"21":{"name":"(anonymous_22)","decl":{"start":{"line":45,"column":15},"end":{"line":45,"column":16}},"loc":{"start":{"line":45,"column":26},"end":{"line":45,"column":51}}},"22":{"name":"(anonymous_23)","decl":{"start":{"line":46,"column":17},"end":{"line":46,"column":18}},"loc":{"start":{"line":46,"column":28},"end":{"line":46,"column":47}}},"23":{"name":"(anonymous_24)","decl":{"start":{"line":47,"column":17},"end":{"line":47,"column":18}},"loc":{"start":{"line":47,"column":28},"end":{"line":47,"column":59}}}},"branchMap":{"0":{"loc":{"start":{"line":6,"column":22},"end":{"line":6,"column":46}},"type":"binary-expr","locations":[{"start":{"line":6,"column":22},"end":{"line":6,"column":33}},{"start":{"line":6,"column":37},"end":{"line":6,"column":46}}]},"1":{"loc":{"start":{"line":7,"column":34},"end":{"line":7,"column":50}},"type":"binary-expr","locations":[{"start":{"line":7,"column":34},"end":{"line":7,"column":44}},{"start":{"line":7,"column":48},"end":{"line":7,"column":50}}]},"2":{"loc":{"start":{"line":8,"column":28},"end":{"line":8,"column":47}},"type":"binary-expr","locations":[{"start":{"line":8,"column":28},"end":{"line":8,"column":40}},{"start":{"line":8,"column":44},"end":{"line":8,"column":47}}]},"3":{"loc":{"start":{"line":10,"column":36},"end":{"line":10,"column":58}},"type":"binary-expr","locations":[{"start":{"line":10,"column":36},"end":{"line":10,"column":52}},{"start":{"line":10,"column":56},"end":{"line":10,"column":58}}]},"4":{"loc":{"start":{"line":14,"column":22},"end":{"line":14,"column":46}},"type":"binary-expr","locations":[{"start":{"line":14,"column":22},"end":{"line":14,"column":33}},{"start":{"line":14,"column":37},"end":{"line":14,"column":46}}]},"5":{"loc":{"start":{"line":15,"column":34},"end":{"line":15,"column":50}},"type":"binary-expr","locations":[{"start":{"line":15,"column":34},"end":{"line":15,"column":44}},{"start":{"line":15,"column":48},"end":{"line":15,"column":50}}]},"6":{"loc":{"start":{"line":16,"column":28},"end":{"line":16,"column":47}},"type":"binary-expr","locations":[{"start":{"line":16,"column":28},"end":{"line":16,"column":40}},{"start":{"line":16,"column":44},"end":{"line":16,"column":47}}]},"7":{"loc":{"start":{"line":18,"column":36},"end":{"line":18,"column":58}},"type":"binary-expr","locations":[{"start":{"line":18,"column":36},"end":{"line":18,"column":52}},{"start":{"line":18,"column":56},"end":{"line":18,"column":58}}]},"8":{"loc":{"start":{"line":22,"column":22},"end":{"line":22,"column":46}},"type":"binary-expr","locations":[{"start":{"line":22,"column":22},"end":{"line":22,"column":33}},{"start":{"line":22,"column":37},"end":{"line":22,"column":46}}]},"9":{"loc":{"start":{"line":23,"column":34},"end":{"line":23,"column":50}},"type":"binary-expr","locations":[{"start":{"line":23,"column":34},"end":{"line":23,"column":44}},{"start":{"line":23,"column":48},"end":{"line":23,"column":50}}]},"10":{"loc":{"start":{"line":24,"column":28},"end":{"line":24,"column":47}},"type":"binary-expr","locations":[{"start":{"line":24,"column":28},"end":{"line":24,"column":40}},{"start":{"line":24,"column":44},"end":{"line":24,"column":47}}]},"11":{"loc":{"start":{"line":26,"column":36},"end":{"line":26,"column":58}},"type":"binary-expr","locations":[{"start":{"line":26,"column":36},"end":{"line":26,"column":52}},{"start":{"line":26,"column":56},"end":{"line":26,"column":58}}]},"12":{"loc":{"start":{"line":30,"column":22},"end":{"line":30,"column":46}},"type":"binary-expr","locations":[{"start":{"line":30,"column":22},"end":{"line":30,"column":33}},{"start":{"line":30,"column":37},"end":{"line":30,"column":46}}]},"13":{"loc":{"start":{"line":31,"column":34},"end":{"line":31,"column":50}},"type":"binary-expr","locations":[{"start":{"line":31,"column":34},"end":{"line":31,"column":44}},{"start":{"line":31,"column":48},"end":{"line":31,"column":50}}]},"14":{"loc":{"start":{"line":32,"column":28},"end":{"line":32,"column":47}},"type":"binary-expr","locations":[{"start":{"line":32,"column":28},"end":{"line":32,"column":40}},{"start":{"line":32,"column":44},"end":{"line":32,"column":47}}]},"15":{"loc":{"start":{"line":33,"column":36},"end":{"line":33,"column":58}},"type":"binary-expr","locations":[{"start":{"line":33,"column":36},"end":{"line":33,"column":52}},{"start":{"line":33,"column":56},"end":{"line":33,"column":58}}]},"16":{"loc":{"start":{"line":37,"column":22},"end":{"line":37,"column":46}},"type":"binary-expr","locations":[{"start":{"line":37,"column":22},"end":{"line":37,"column":33}},{"start":{"line":37,"column":37},"end":{"line":37,"column":46}}]},"17":{"loc":{"start":{"line":38,"column":34},"end":{"line":38,"column":50}},"type":"binary-expr","locations":[{"start":{"line":38,"column":34},"end":{"line":38,"column":44}},{"start":{"line":38,"column":48},"end":{"line":38,"column":50}}]},"18":{"loc":{"start":{"line":39,"column":28},"end":{"line":39,"column":47}},"type":"binary-expr","locations":[{"start":{"line":39,"column":28},"end":{"line":39,"column":40}},{"start":{"line":39,"column":44},"end":{"line":39,"column":47}}]},"19":{"loc":{"start":{"line":40,"column":36},"end":{"line":40,"column":58}},"type":"binary-expr","locations":[{"start":{"line":40,"column":36},"end":{"line":40,"column":52}},{"start":{"line":40,"column":56},"end":{"line":40,"column":58}}]},"20":{"loc":{"start":{"line":44,"column":22},"end":{"line":44,"column":46}},"type":"binary-expr","locations":[{"start":{"line":44,"column":22},"end":{"line":44,"column":33}},{"start":{"line":44,"column":37},"end":{"line":44,"column":46}}]},"21":{"loc":{"start":{"line":45,"column":34},"end":{"line":45,"column":50}},"type":"binary-expr","locations":[{"start":{"line":45,"column":34},"end":{"line":45,"column":44}},{"start":{"line":45,"column":48},"end":{"line":45,"column":50}}]},"22":{"loc":{"start":{"line":46,"column":28},"end":{"line":46,"column":47}},"type":"binary-expr","locations":[{"start":{"line":46,"column":28},"end":{"line":46,"column":40}},{"start":{"line":46,"column":44},"end":{"line":46,"column":47}}]},"23":{"loc":{"start":{"line":47,"column":36},"end":{"line":47,"column":58}},"type":"binary-expr","locations":[{"start":{"line":47,"column":36},"end":{"line":47,"column":52}},{"start":{"line":47,"column":56},"end":{"line":47,"column":58}}]}},"s":{"0":4,"1":4,"2":4,"3":0,"4":0,"5":0,"6":0,"7":4,"8":0,"9":0,"10":0,"11":0,"12":4,"13":0,"14":0,"15":0,"16":0,"17":4,"18":0,"19":0,"20":0,"21":0,"22":4,"23":0,"24":0,"25":0,"26":0,"27":4,"28":0,"29":0,"30":0,"31":0},"f":{"0":0,"1":0,"2":0,"3":0,"4":0,"5":0,"6":0,"7":0,"8":0,"9":0,"10":0,"11":0,"12":0,"13":0,"14":0,"15":0,"16":0,"17":0,"18":0,"19":0,"20":0,"21":0,"22":0,"23":0},"b":{"0":[0,0],"1":[0,0],"2":[0,0],"3":[0,0],"4":[0,0],"5":[0,0],"6":[0,0],"7":[0,0],"8":[0,0],"9":[0,0],"10":[0,0],"11":[0,0],"12":[0,0],"13":[0,0],"14":[0,0],"15":[0,0],"16":[0,0],"17":[0,0],"18":[0,0],"19":[0,0],"20":[0,0],"21":[0,0],"22":[0,0],"23":[0,0]}}
,"C:\\Users\\alvar\\OneDrive\\Área de Trabalho\\Curso DNC\\Type + React Project\\ProjectTR\\dnc-sales-dashboard-algs\\src\\components\\index.ts": {"path":"C:\\Users\\alvar\\OneDrive\\Área de Trabalho\\Curso DNC\\Type + React Project\\ProjectTR\\dnc-sales-dashboard-algs\\src\\components\\index.ts","statementMap":{"0":{"start":{"line":1,"column":0},"end":{"line":1,"column":9}},"1":{"start":{"line":1,"column":9},"end":{"line":1,"column":30}},"2":{"start":{"line":2,"column":0},"end":{"line":2,"column":9}},"3":{"start":{"line":2,"column":9},"end":{"line":2,"column":33}},"4":{"start":{"line":3,"column":0},"end":{"line":3,"column":9}},"5":{"start":{"line":3,"column":9},"end":{"line":3,"column":26}},"6":{"start":{"line":4,"column":0},"end":{"line":4,"column":9}},"7":{"start":{"line":4,"column":9},"end":{"line":4,"column":31}},"8":{"start":{"line":5,"column":0},"end":{"line":5,"column":9}},"9":{"start":{"line":5,"column":9},"end":{"line":5,"column":31}},"10":{"start":{"line":6,"column":0},"end":{"line":6,"column":29}},"11":{"start":{"line":7,"column":0},"end":{"line":7,"column":31}},"12":{"start":{"line":8,"column":0},"end":{"line":8,"column":22}},"13":{"start":{"line":9,"column":0},"end":{"line":9,"column":30}},"14":{"start":{"line":10,"column":0},"end":{"line":10,"column":29}},"15":{"start":{"line":11,"column":0},"end":{"line":11,"column":30}}},"fnMap":{"0":{"name":"(anonymous_5)","decl":{"start":{"line":1,"column":9},"end":{"line":1,"column":16}},"loc":{"start":{"line":1,"column":9},"end":{"line":1,"column":30}}},"1":{"name":"(anonymous_6)","decl":{"start":{"line":2,"column":9},"end":{"line":2,"column":16}},"loc":{"start":{"line":2,"column":9},"end":{"line":2,"column":33}}},"2":{"name":"(anonymous_7)","decl":{"start":{"line":3,"column":9},"end":{"line":3,"column":16}},"loc":{"start":{"line":3,"column":9},"end":{"line":3,"column":26}}},"3":{"name":"(anonymous_8)","decl":{"start":{"line":4,"column":9},"end":{"line":4,"column":16}},"loc":{"start":{"line":4,"column":9},"end":{"line":4,"column":31}}},"4":{"name":"(anonymous_9)","decl":{"start":{"line":5,"column":9},"end":{"line":5,"column":16}},"loc":{"start":{"line":5,"column":9},"end":{"line":5,"column":31}}}},"branchMap":{},"s":{"0":4,"1":4,"2":4,"3":4,"4":4,"5":4,"6":4,"7":4,"8":4,"9":4,"10":4,"11":4,"12":4,"13":4,"14":4,"15":4},"f":{"0":0,"1":0,"2":0,"3":0,"4":0},"b":{}}
,"C:\\Users\\alvar\\OneDrive\\Área de Trabalho\\Curso DNC\\Type + React Project\\ProjectTR\\dnc-sales-dashboard-algs\\src\\resources\\themesList.ts": {"path":"C:\\Users\\alvar\\OneDrive\\Área de Trabalho\\Curso DNC\\Type + React Project\\ProjectTR\\dnc-sales-dashboard-algs\\src\\resources\\themesList.ts","statementMap":{"0":{"start":{"line":1,"column":0},"end":{"line":1,"column":48}},"1":{"start":{"line":3,"column":13},"end":{"line":6,"column":null}}},"fnMap":{},"branchMap":{},"s":{"0":3,"1":3},"f":{},"b":{}}
,"C:\\Users\\alvar\\OneDrive\\Área de Trabalho\\Curso DNC\\Type + React Project\\ProjectTR\\dnc-sales-dashboard-algs\\src\\styles\\globalStyle.ts": {"path":"C:\\Users\\alvar\\OneDrive\\Área de Trabalho\\Curso DNC\\Type + React Project\\ProjectTR\\dnc-sales-dashboard-algs\\src\\styles\\globalStyle.ts","statementMap":{"0":{"start":{"line":1,"column":0},"end":{"line":1,"column":33}},"1":{"start":{"line":2,"column":0},"end":{"line":2,"column":53}},"2":{"start":{"line":5,"column":13},"end":{"line":47,"column":null}},"3":{"start":{"line":7,"column":33},"end":{"line":7,"column":58}},"4":{"start":{"line":8,"column":28},"end":{"line":8,"column":48}},"5":{"start":{"line":33,"column":42},"end":{"line":33,"column":69}},"6":{"start":{"line":36,"column":42},"end":{"line":36,"column":67}}},"fnMap":{"0":{"name":"(anonymous_0)","decl":{"start":{"line":7,"column":22},"end":{"line":7,"column":23}},"loc":{"start":{"line":7,"column":33},"end":{"line":7,"column":58}}},"1":{"name":"(anonymous_1)","decl":{"start":{"line":8,"column":17},"end":{"line":8,"column":18}},"loc":{"start":{"line":8,"column":28},"end":{"line":8,"column":48}}},"2":{"name":"(anonymous_2)","decl":{"start":{"line":33,"column":31},"end":{"line":33,"column":32}},"loc":{"start":{"line":33,"column":42},"end":{"line":33,"column":69}}},"3":{"name":"(anonymous_3)","decl":{"start":{"line":36,"column":31},"end":{"line":36,"column":32}},"loc":{"start":{"line":36,"column":42},"end":{"line":36,"column":67}}}},"branchMap":{},"s":{"0":3,"1":3,"2":3,"3":0,"4":0,"5":0,"6":0},"f":{"0":0,"1":0,"2":0,"3":0},"b":{}}
,"C:\\Users\\alvar\\OneDrive\\Área de Trabalho\\Curso DNC\\Type + React Project\\ProjectTR\\dnc-sales-dashboard-algs\\src\\styles\\index.ts": {"path":"C:\\Users\\alvar\\OneDrive\\Área de Trabalho\\Curso DNC\\Type + React Project\\ProjectTR\\dnc-sales-dashboard-algs\\src\\styles\\index.ts","statementMap":{"0":{"start":{"line":1,"column":0},"end":{"line":1,"column":29}},"1":{"start":{"line":2,"column":0},"end":{"line":2,"column":23}}},"fnMap":{},"branchMap":{},"s":{"0":3,"1":3},"f":{},"b":{}}
,"C:\\Users\\alvar\\OneDrive\\Área de Trabalho\\Curso DNC\\Type + React Project\\ProjectTR\\dnc-sales-dashboard-algs\\src\\styles\\theme.ts": {"path":"C:\\Users\\alvar\\OneDrive\\Área de Trabalho\\Curso DNC\\Type + React Project\\ProjectTR\\dnc-sales-dashboard-algs\\src\\styles\\theme.ts","statementMap":{"0":{"start":{"line":3,"column":13},"end":{"line":41,"column":null}},"1":{"start":{"line":43,"column":13},"end":{"line":81,"column":null}}},"fnMap":{},"branchMap":{},"s":{"0":3,"1":3},"f":{},"b":{}}
,"C:\\Users\\alvar\\OneDrive\\Área de Trabalho\\Curso DNC\\Type + React Project\\ProjectTR\\dnc-sales-dashboard-algs\\src\\utils\\currencyConverter.ts": {"path":"C:\\Users\\alvar\\OneDrive\\Área de Trabalho\\Curso DNC\\Type + React Project\\ProjectTR\\dnc-sales-dashboard-algs\\src\\utils\\currencyConverter.ts","statementMap":{"0":{"start":{"line":7,"column":0},"end":{"line":7,"column":16}},"1":{"start":{"line":8,"column":2},"end":{"line":11,"column":null}}},"fnMap":{"0":{"name":"currencyConverter","decl":{"start":{"line":7,"column":16},"end":{"line":7,"column":33}},"loc":{"start":{"line":7,"column":47},"end":{"line":12,"column":1}}}},"branchMap":{},"s":{"0":7,"1":0},"f":{"0":0},"b":{}}
,"C:\\Users\\alvar\\OneDrive\\Área de Trabalho\\Curso DNC\\Type + React Project\\ProjectTR\\dnc-sales-dashboard-algs\\src\\utils\\highlightsTextConverter.ts": {"path":"C:\\Users\\alvar\\OneDrive\\Área de Trabalho\\Curso DNC\\Type + React Project\\ProjectTR\\dnc-sales-dashboard-algs\\src\\utils\\highlightsTextConverter.ts","statementMap":{"0":{"start":{"line":7,"column":0},"end":{"line":7,"column":16}},"1":{"start":{"line":8,"column":2},"end":{"line":17,"column":3}},"2":{"start":{"line":10,"column":6},"end":{"line":10,"column":null}},"3":{"start":{"line":12,"column":6},"end":{"line":12,"column":null}},"4":{"start":{"line":14,"column":6},"end":{"line":14,"column":null}},"5":{"start":{"line":16,"column":6},"end":{"line":16,"column":null}}},"fnMap":{"0":{"name":"highlightTextConverter","decl":{"start":{"line":7,"column":16},"end":{"line":7,"column":38}},"loc":{"start":{"line":7,"column":51},"end":{"line":18,"column":1}}}},"branchMap":{"0":{"loc":{"start":{"line":8,"column":2},"end":{"line":17,"column":3}},"type":"switch","locations":[{"start":{"line":9,"column":4},"end":{"line":10,"column":null}},{"start":{"line":11,"column":4},"end":{"line":12,"column":null}},{"start":{"line":13,"column":4},"end":{"line":14,"column":null}},{"start":{"line":15,"column":4},"end":{"line":16,"column":null}}]}},"s":{"0":7,"1":4,"2":1,"3":1,"4":1,"5":1},"f":{"0":4},"b":{"0":[1,1,1,1]}}
,"C:\\Users\\alvar\\OneDrive\\Área de Trabalho\\Curso DNC\\Type + React Project\\ProjectTR\\dnc-sales-dashboard-algs\\src\\utils\\index.ts": {"path":"C:\\Users\\alvar\\OneDrive\\Área de Trabalho\\Curso DNC\\Type + React Project\\ProjectTR\\dnc-sales-dashboard-algs\\src\\utils\\index.ts","statementMap":{"0":{"start":{"line":1,"column":0},"end":{"line":1,"column":25}},"1":{"start":{"line":2,"column":0},"end":{"line":2,"column":35}},"2":{"start":{"line":3,"column":0},"end":{"line":3,"column":44}},"3":{"start":{"line":4,"column":0},"end":{"line":4,"column":41}}},"fnMap":{},"branchMap":{},"s":{"0":7,"1":7,"2":7,"3":7},"f":{},"b":{}}
,"C:\\Users\\alvar\\OneDrive\\Área de Trabalho\\Curso DNC\\Type + React Project\\ProjectTR\\dnc-sales-dashboard-algs\\src\\utils\\jwtExpirationDateConverter.ts": {"path":"C:\\Users\\alvar\\OneDrive\\Área de Trabalho\\Curso DNC\\Type + React Project\\ProjectTR\\dnc-sales-dashboard-algs\\src\\utils\\jwtExpirationDateConverter.ts","statementMap":{"0":{"start":{"line":7,"column":0},"end":{"line":7,"column":16}},"1":{"start":{"line":8,"column":22},"end":{"line":8,"column":51}},"2":{"start":{"line":9,"column":33},"end":{"line":9,"column":50}},"3":{"start":{"line":10,"column":24},"end":{"line":10,"column":36}},"4":{"start":{"line":11,"column":30},"end":{"line":11,"column":68}},"5":{"start":{"line":13,"column":2},"end":{"line":13,"column":null}}},"fnMap":{"0":{"name":"jwtExpirationDateConverter","decl":{"start":{"line":7,"column":16},"end":{"line":7,"column":42}},"loc":{"start":{"line":7,"column":54},"end":{"line":14,"column":1}}}},"branchMap":{},"s":{"0":7,"1":3,"2":3,"3":3,"4":3,"5":3},"f":{"0":3},"b":{}}
,"C:\\Users\\alvar\\OneDrive\\Área de Trabalho\\Curso DNC\\Type + React Project\\ProjectTR\\dnc-sales-dashboard-algs\\src\\utils\\pxToRem.ts": {"path":"C:\\Users\\alvar\\OneDrive\\Área de Trabalho\\Curso DNC\\Type + React Project\\ProjectTR\\dnc-sales-dashboard-algs\\src\\utils\\pxToRem.ts","statementMap":{"0":{"start":{"line":7,"column":0},"end":{"line":7,"column":16}},"1":{"start":{"line":8,"column":2},"end":{"line":8,"column":null}}},"fnMap":{"0":{"name":"pxToRem","decl":{"start":{"line":7,"column":16},"end":{"line":7,"column":23}},"loc":{"start":{"line":7,"column":38},"end":{"line":9,"column":1}}}},"branchMap":{},"s":{"0":7,"1":135},"f":{"0":135},"b":{}}
}
